<?xml version="1.0" encoding="UTF-8"?>
<!-- Generated by org.testng.reporters.JUnitReportReporter -->
<testsuite hostname="DESKTOP-S94B3UG" failures="0" tests="6" name="testCases.TC003_LoginDDT" time="56.285" errors="0" timestamp="2025-04-13T16:05:20 IST" skipped="0">
  <testcase classname="testCases.TC003_LoginDDT" name="verify_loginDDT" time="12.689"/>
  <testcase classname="testCases.TC003_LoginDDT" name="verify_loginDDT" time="11.701"/>
  <testcase classname="testCases.TC003_LoginDDT" name="verify_loginDDT" time="12.320"/>
  <testcase classname="testCases.TC003_LoginDDT" name="verify_loginDDT" time="4.071"/>
  <testcase classname="testCases.TC003_LoginDDT" name="verify_loginDDT" time="12.057"/>
  <testcase classname="testCases.TC003_LoginDDT" name="verify_loginDDT" time="3.447"/>
</testsuite> <!-- testCases.TC003_LoginDDT -->
