<?xml version="1.0" encoding="UTF-8"?>
<!-- Generated by org.testng.reporters.JUnitReportReporter -->
<testsuite hostname="DESKTOP-S94B3UG" failures="0" tests="2" name="testCases.TC002_LoginTest" time="17.534" errors="0" timestamp="2025-04-16T15:21:10 IST" skipped="0">
  <testcase classname="testCases.TC002_LoginTest" name="verify_login" time="6.829"/>
  <testcase classname="testCases.TC002_LoginTest" name="verify_login" time="10.705"/>
</testsuite> <!-- testCases.TC002_LoginTest -->
