<?xml version="1.0" encoding="UTF-8"?>
<!-- Generated by org.testng.reporters.JUnitReportReporter -->
<testsuite hostname="DESKTOP-S94B3UG" failures="0" tests="2" name="testCases.TC001_AccountRegistrationTest" time="28.452" errors="0" timestamp="2025-04-16T15:21:11 IST" skipped="0">
  <testcase classname="testCases.TC001_AccountRegistrationTest" name="verify_account_registration" time="14.993"/>
  <testcase classname="testCases.TC001_AccountRegistrationTest" name="verify_account_registration" time="13.459"/>
</testsuite> <!-- testCases.TC001_AccountRegistrationTest -->
